<?xml version="1.0" encoding="UTF-8"?>
<testsuite xmlns:xsi="http://www.w3.org/2001/XMLSchema-instance" xsi:noNamespaceSchemaLocation="https://maven.apache.org/surefire/maven-surefire-plugin/xsd/surefire-test-report-3.0.xsd" version="3.0" name="com.expenses.ExpensesApiIT" time="9.985" tests="6" errors="0" skipped="0" failures="0">
  <properties>
[...]
</properties>
  <testcase name="createAndDeleteExpenseLifecycle" classname="com.expenses.ExpensesApiIT" time="0.596">
    <system-out><![CDATA[12:07:50.840 [main] INFO org.springframework.test.context.support.AnnotationConfigContextLoaderUtils -- Could not detect default configuration classes for test class [com.expenses.ExpensesApiIT]: ExpensesApiIT does not declare any static, non-private, non-final, nested classes annotated with @Configuration.
12:07:50.885 [main] INFO org.testcontainers.images.PullPolicy -- Image pull policy will be performed by: DefaultPullPolicy()
12:07:50.888 [main] INFO org.testcontainers.utility.ImageNameSubstitutor -- Image name substitution will be performed by: DefaultImageNameSubstitutor (composite of 'ConfigurationFileImageNameSubstitutor' and 'PrefixingImageNameSubstitutor')
12:07:51.042 [main] INFO org.testcontainers.dockerclient.DockerClientProviderStrategy -- Loaded org.testcontainers.dockerclient.NpipeSocketClientProviderStrategy from ~/.testcontainers.properties, will try it first
12:07:51.213 [main] INFO org.testcontainers.dockerclient.DockerClientProviderStrategy -- Found Docker environment with local Npipe socket (npipe:////./pipe/docker_engine)
12:07:51.214 [main] INFO org.testcontainers.DockerClientFactory -- Docker host IP address is localhost
12:07:51.228 [main] INFO org.testcontainers.DockerClientFactory -- Connected to docker: 
  Server Version: 28.4.0
  API Version: 1.51
  Operating System: Docker Desktop
  Total Memory: 5928 MB
12:07:51.249 [main] INFO tc.testcontainers/ryuk:0.7.0 -- Creating container for image: testcontainers/ryuk:0.7.0
12:07:51.359 [main] INFO org.testcontainers.utility.RegistryAuthLocator -- Credential helper/store (docker-credential-desktop) does not have credentials for https://index.docker.io/v1/
12:07:51.606 [main] INFO tc.testcontainers/ryuk:0.7.0 -- Container testcontainers/ryuk:0.7.0 is starting: 9a1489f796ca70d9e971375e568c0d20937a32849853fc75cbdda3523ab7755b
12:07:52.163 [main] INFO tc.testcontainers/ryuk:0.7.0 -- Container testcontainers/ryuk:0.7.0 started in PT0.913605S
12:07:52.167 [main] INFO org.testcontainers.utility.RyukResourceReaper -- Ryuk started - will monitor and terminate Testcontainers containers on JVM exit
12:07:52.167 [main] INFO org.testcontainers.DockerClientFactory -- Checking the system...
12:07:52.168 [main] INFO org.testcontainers.DockerClientFactory -- ✔︎ Docker server version should be at least 1.6.0
12:07:52.240 [main] INFO org.springframework.boot.test.context.SpringBootTestContextBootstrapper -- Found @SpringBootConfiguration com.expenses.ExpensesApplication for test class com.expenses.ExpensesApiIT
12:07:52.302 [main] INFO tc.postgres:16-alpine -- Creating container for image: postgres:16-alpine
12:07:52.350 [main] INFO tc.postgres:16-alpine -- Container postgres:16-alpine is starting: 53304adc9da7dba35cee3832ca92e08ba8fa48e8e5e9a90454e8f1393f5631f4
12:07:53.938 [main] INFO tc.postgres:16-alpine -- Container postgres:16-alpine started in PT1.6358818S
12:07:53.938 [main] INFO tc.postgres:16-alpine -- Container is started (JDBC URL: jdbc:postgresql://localhost:44589/test?loggerLevel=OFF)

  .   ____          _            __ _ _
 /\\ / ___'_ __ _ _(_)_ __  __ _ \ \ \ \
( ( )\___ | '_ | '_| | '_ \/ _` | \ \ \ \
 \\/  ___)| |_)| | | | | || (_| |  ) ) ) )
  '  |____| .__|_| |_|_| |_\__, | / / / /
 =========|_|==============|___/=/_/_/_/

 :: Spring Boot ::                (v3.3.5)

2026-07-05T12:07:54.189+02:00  INFO 35644 --- [expenses] [           main] com.expenses.ExpensesApiIT               : Starting ExpensesApiIT using Java 21.0.1 with PID 35644 (started by Breixo in C:\Users\Breixo\Desktop\Escritorio\Proyectos\expenses\backend)
2026-07-05T12:07:54.190+02:00  INFO 35644 --- [expenses] [           main] com.expenses.ExpensesApiIT               : The following 1 profile is active: "test"
2026-07-05T12:07:54.917+02:00  INFO 35644 --- [expenses] [           main] .s.d.r.c.RepositoryConfigurationDelegate : Bootstrapping Spring Data JPA repositories in DEFAULT mode.
2026-07-05T12:07:55.005+02:00  INFO 35644 --- [expenses] [           main] .s.d.r.c.RepositoryConfigurationDelegate : Finished Spring Data repository scanning in 81 ms. Found 5 JPA repository interfaces.
2026-07-05T12:07:55.752+02:00  INFO 35644 --- [expenses] [           main] org.flywaydb.core.FlywayExecutor         : Database: jdbc:postgresql://localhost:44589/test (PostgreSQL 16.13)
2026-07-05T12:07:55.801+02:00  INFO 35644 --- [expenses] [           main] o.f.c.i.s.JdbcTableSchemaHistory         : Schema history table "public"."flyway_schema_history" does not exist yet
2026-07-05T12:07:55.804+02:00  INFO 35644 --- [expenses] [           main] o.f.core.internal.command.DbValidate     : Successfully validated 4 migrations (execution time 00:00.020s)
2026-07-05T12:07:55.818+02:00  INFO 35644 --- [expenses] [           main] o.f.c.i.s.JdbcTableSchemaHistory         : Creating Schema History table "public"."flyway_schema_history" ...
2026-07-05T12:07:55.854+02:00  INFO 35644 --- [expenses] [           main] o.f.core.internal.command.DbMigrate      : Current version of schema "public": << Empty Schema >>
2026-07-05T12:07:55.864+02:00  INFO 35644 --- [expenses] [           main] o.f.core.internal.command.DbMigrate      : Migrating schema "public" to version "1 - init"
2026-07-05T12:07:55.888+02:00  INFO 35644 --- [expenses] [           main] o.f.core.internal.command.DbMigrate      : Migrating schema "public" to version "2 - seed profile and categories"
2026-07-05T12:07:55.901+02:00  INFO 35644 --- [expenses] [           main] o.f.core.internal.command.DbMigrate      : Migrating schema "public" to version "3 - movements and recurring schedule"
2026-07-05T12:07:55.915+02:00  INFO 35644 --- [expenses] [           main] o.f.core.internal.command.DbMigrate      : Migrating schema "public" to version "4 - recurring applications cascade on movement delete"
2026-07-05T12:07:55.926+02:00  INFO 35644 --- [expenses] [           main] o.f.core.internal.command.DbMigrate      : Successfully applied 4 migrations to schema "public", now at version v4 (execution time 00:00.027s)
2026-07-05T12:07:56.031+02:00  INFO 35644 --- [expenses] [           main] o.hibernate.jpa.internal.util.LogHelper  : HHH000204: Processing PersistenceUnitInfo [name: default]
2026-07-05T12:07:56.097+02:00  INFO 35644 --- [expenses] [           main] org.hibernate.Version                    : HHH000412: Hibernate ORM core version 6.5.3.Final
2026-07-05T12:07:56.122+02:00  INFO 35644 --- [expenses] [           main] o.h.c.internal.RegionFactoryInitiator    : HHH000026: Second-level cache disabled
2026-07-05T12:07:56.321+02:00  INFO 35644 --- [expenses] [           main] o.s.o.j.p.SpringPersistenceUnitInfo      : No LoadTimeWeaver setup: ignoring JPA class transformer
2026-07-05T12:07:56.338+02:00  INFO 35644 --- [expenses] [           main] com.zaxxer.hikari.HikariDataSource       : HikariPool-1 - Starting...
2026-07-05T12:07:56.355+02:00  INFO 35644 --- [expenses] [           main] com.zaxxer.hikari.pool.HikariPool        : HikariPool-1 - Added connection org.postgresql.jdbc.PgConnection@516155b5
2026-07-05T12:07:56.356+02:00  INFO 35644 --- [expenses] [           main] com.zaxxer.hikari.HikariDataSource       : HikariPool-1 - Start completed.
2026-07-05T12:07:56.979+02:00  INFO 35644 --- [expenses] [           main] o.h.e.t.j.p.i.JtaPlatformInitiator       : HHH000489: No JTA platform available (set 'hibernate.transaction.jta.platform' to enable JTA platform integration)
2026-07-05T12:07:57.006+02:00  INFO 35644 --- [expenses] [           main] j.LocalContainerEntityManagerFactoryBean : Initialized JPA EntityManagerFactory for persistence unit 'default'
2026-07-05T12:07:57.235+02:00  INFO 35644 --- [expenses] [           main] o.s.d.j.r.query.QueryEnhancerFactory     : Hibernate is in classpath; If applicable, HQL parser will be used.
2026-07-05T12:07:59.056+02:00  INFO 35644 --- [expenses] [           main] o.s.b.t.m.w.SpringBootMockServletContext : Initializing Spring TestDispatcherServlet ''
2026-07-05T12:07:59.057+02:00  INFO 35644 --- [expenses] [           main] o.s.t.web.servlet.TestDispatcherServlet  : Initializing Servlet ''
2026-07-05T12:07:59.057+02:00  INFO 35644 --- [expenses] [           main] o.s.t.web.servlet.TestDispatcherServlet  : Completed initialization in 0 ms
2026-07-05T12:07:59.078+02:00  INFO 35644 --- [expenses] [           main] com.expenses.ExpensesApiIT               : Started ExpensesApiIT in 5.112 seconds (process running for 8.707)
]]></system-out>
    <system-err><![CDATA[WARNING: A Java agent has been loaded dynamically (C:\Users\Breixo\.m2\repository\net\bytebuddy\byte-buddy-agent\1.14.19\byte-buddy-agent-1.14.19.jar)
WARNING: If a serviceability tool is in use, please run with -XX:+EnableDynamicAgentLoading to hide this warning
WARNING: If a serviceability tool is not in use, please run with -Djdk.instrument.traceUsage for more information
WARNING: Dynamic loading of agents will be disallowed by default in a future release
]]></system-err>
  </testcase>
  <testcase name="getExpensesWithoutFiltersReturnsOk" classname="com.expenses.ExpensesApiIT" time="0.038"/>
  <testcase name="analyticsEndpointsReturnOk" classname="com.expenses.ExpensesApiIT" time="0.047"/>
  <testcase name="profileBalanceReflectsMovements" classname="com.expenses.ExpensesApiIT" time="0.021"/>
  <testcase name="getCategoriesWithoutMovementTypeReturnsIncomeAndExpense" classname="com.expenses.ExpensesApiIT" time="0.026"/>
  <testcase name="deleteCategoryInUseReturnsConflict" classname="com.expenses.ExpensesApiIT" time="0.026"/>
</testsuite>